<?xml version="1.0" encoding="UTF-8"?>
<testng-results ignored="0" total="1" passed="1" failed="0" skipped="0">
  <reporter-output>
  </reporter-output>
  <suite started-at="2021-06-20T11:56:23Z" name="Suite" finished-at="2021-06-20T11:56:40Z" duration-ms="17512">
    <groups>
    </groups>
    <test started-at="2021-06-20T11:56:23Z" name="Test" finished-at="2021-06-20T11:56:40Z" duration-ms="17512">
      <class name="com.vedantu.tests.LoginTest">
        <test-method is-config="true" signature="setUp()[pri:0, instance:com.vedantu.tests.LoginTest@683dbc2c]" started-at="2021-06-20T11:56:23Z" name="setUp" finished-at="2021-06-20T11:56:39Z" duration-ms="16129" status="PASS">
          <reporter-output>
          </reporter-output>
        </test-method> <!-- setUp -->
        <test-method signature="test()[pri:0, instance:com.vedantu.tests.LoginTest@683dbc2c]" started-at="2021-06-20T11:56:39Z" name="test" finished-at="2021-06-20T11:56:39Z" duration-ms="23" status="PASS">
          <reporter-output>
          </reporter-output>
        </test-method> <!-- test -->
        <test-method is-config="true" signature="tearDown()[pri:0, instance:com.vedantu.tests.LoginTest@683dbc2c]" started-at="2021-06-20T11:56:39Z" name="tearDown" finished-at="2021-06-20T11:56:40Z" duration-ms="1294" status="PASS">
          <reporter-output>
          </reporter-output>
        </test-method> <!-- tearDown -->
      </class> <!-- com.vedantu.tests.LoginTest -->
    </test> <!-- Test -->
  </suite> <!-- Suite -->
</testng-results>
